2025-06-21 16:12:58,780 - INFO - Directory enshured: C:\Users\bvrvg\Desktop\Files\Projects\Ship_classfication\server\..\server\temp
2025-06-21 16:12:58,781 - INFO - Directory enshured: C:\Users\bvrvg\Desktop\Files\Projects\Ship_classfication\server\..\archive
2025-06-21 16:12:58,784 - INFO - Starting Ship Classification Server...
2025-06-21 16:12:58,785 - INFO - Server configuration:
2025-06-21 16:12:58,785 - INFO -   - Max file size: 16MB
2025-06-21 16:12:58,786 - INFO -   - Allowed extensions: {'jpeg', 'tiff', 'jpg', 'png', 'webp', 'gif', 'bmp'}
2025-06-21 16:12:58,786 - INFO -   - Temp folder: C:\Users\bvrvg\Desktop\Files\Projects\Ship_classfication\server\..\server\temp
2025-06-21 16:12:58,787 - INFO -   - Archive folder: C:\Users\bvrvg\Desktop\Files\Projects\Ship_classfication\server\..\archive
2025-06-21 16:12:58,833 - INFO - [31m[1mWARNING: This is a development server. Do not use it in a production deployment. Use a production WSGI server instead.[0m
 * Running on all addresses (0.0.0.0)
 * Running on http://127.0.0.1:5000
 * Running on http://192.168.155.54:5000
2025-06-21 16:12:58,835 - INFO - [33mPress CTRL+C to quit[0m
2025-06-21 16:12:58,867 - INFO -  * Restarting with watchdog (windowsapi)
2025-06-21 16:13:07,237 - INFO - Directory enshured: C:\Users\bvrvg\Desktop\Files\Projects\Ship_classfication\server\..\server\temp
2025-06-21 16:13:07,238 - INFO - Directory enshured: C:\Users\bvrvg\Desktop\Files\Projects\Ship_classfication\server\..\archive
2025-06-21 16:13:07,241 - INFO - Starting Ship Classification Server...
2025-06-21 16:13:07,241 - INFO - Server configuration:
2025-06-21 16:13:07,242 - INFO -   - Max file size: 16MB
2025-06-21 16:13:07,242 - INFO -   - Allowed extensions: {'png', 'jpeg', 'webp', 'tiff', 'bmp', 'gif', 'jpg'}
2025-06-21 16:13:07,242 - INFO -   - Temp folder: C:\Users\bvrvg\Desktop\Files\Projects\Ship_classfication\server\..\server\temp
2025-06-21 16:13:07,242 - INFO -   - Archive folder: C:\Users\bvrvg\Desktop\Files\Projects\Ship_classfication\server\..\archive
2025-06-21 16:13:07,260 - WARNING -  * Debugger is active!
2025-06-21 16:13:07,274 - INFO -  * Debugger PIN: 981-686-749
2025-06-21 16:13:07,352 - INFO - 127.0.0.1 - - [21/Jun/2025 16:13:07] "GET / HTTP/1.1" 200 -
2025-06-21 16:13:07,475 - INFO - 127.0.0.1 - - [21/Jun/2025 16:13:07] "[36mGET /static/css/style.css HTTP/1.1[0m" 304 -
2025-06-21 16:13:07,529 - INFO - 127.0.0.1 - - [21/Jun/2025 16:13:07] "[36mGET /static/utils/main_image.webp HTTP/1.1[0m" 304 -
2025-06-21 16:13:07,531 - INFO - 127.0.0.1 - - [21/Jun/2025 16:13:07] "[36mGET /static/utils/About_image.jpg HTTP/1.1[0m" 304 -
2025-06-21 16:13:07,845 - INFO - 127.0.0.1 - - [21/Jun/2025 16:13:07] "[36mGET /static/js/script.js HTTP/1.1[0m" 304 -
2025-06-21 16:13:41,673 - INFO - File saved to temp: C:\Users\bvrvg\Desktop\Files\Projects\Ship_classfication\server\..\server\temp\1011369_20250621_161341_7254343b.jpg
2025-06-21 16:13:41,675 - INFO - Starting prediction, file - C:\Users\bvrvg\Desktop\Files\Projects\Ship_classfication\server\..\server\temp\1011369_20250621_161341_7254343b.jpg
2025-06-21 16:13:42,259 - WARNING - Compiled the loaded model, but the compiled metrics have yet to be built. `model.compile_metrics` will be empty until you train or evaluate the model.
2025-06-21 16:13:42,850 - WARNING - Compiled the loaded model, but the compiled metrics have yet to be built. `model.compile_metrics` will be empty until you train or evaluate the model.
2025-06-21 16:13:43,574 - WARNING - Compiled the loaded model, but the compiled metrics have yet to be built. `model.compile_metrics` will be empty until you train or evaluate the model.
2025-06-21 16:13:45,836 - INFO - Prediction completed. Value: Carrier, confidence: 47.072142362594604
2025-06-21 16:13:45,836 - INFO - all classes scores: {'Cargo': 10.480693817138672, 'Military': 21.494020462036133, 'Carrier': 47.0721435546875, 'Cruise': 5.706576824188232, 'Tankers': 15.246565818786621}
2025-06-21 16:13:45,839 - INFO - File moved: C:\Users\bvrvg\Desktop\Files\Projects\Ship_classfication\server\..\server\temp\1011369_20250621_161341_7254343b.jpg -> C:\Users\bvrvg\Desktop\Files\Projects\Ship_classfication\server\..\archive\1011369_20250621_161341_7254343b.jpg
2025-06-21 16:13:45,840 - INFO - Analysis completed successfully: Carrier (47.07%)
2025-06-21 16:13:45,843 - INFO - 127.0.0.1 - - [21/Jun/2025 16:13:45] "POST /classify HTTP/1.1" 200 -
2025-06-21 16:14:18,094 - INFO - File saved to temp: C:\Users\bvrvg\Desktop\Files\Projects\Ship_classfication\server\..\server\temp\949995_20250621_161418_ba9894a6.jpg
2025-06-21 16:14:18,096 - INFO - Starting prediction, file - C:\Users\bvrvg\Desktop\Files\Projects\Ship_classfication\server\..\server\temp\949995_20250621_161418_ba9894a6.jpg
2025-06-21 16:14:19,149 - INFO - Prediction completed. Value: Carrier, confidence: 25.892654061317444
2025-06-21 16:14:19,149 - INFO - all classes scores: {'Cargo': 13.688036918640137, 'Military': 16.561614990234375, 'Carrier': 25.892654418945312, 'Cruise': 20.724224090576172, 'Tankers': 23.133472442626953}
2025-06-21 16:14:19,153 - INFO - File moved: C:\Users\bvrvg\Desktop\Files\Projects\Ship_classfication\server\..\server\temp\949995_20250621_161418_ba9894a6.jpg -> C:\Users\bvrvg\Desktop\Files\Projects\Ship_classfication\server\..\archive\949995_20250621_161418_ba9894a6.jpg
2025-06-21 16:14:19,153 - INFO - Analysis completed successfully: Carrier (25.89%)
2025-06-21 16:14:19,154 - INFO - 127.0.0.1 - - [21/Jun/2025 16:14:19] "POST /classify HTTP/1.1" 200 -
2025-06-21 16:14:36,141 - INFO - File saved to temp: C:\Users\bvrvg\Desktop\Files\Projects\Ship_classfication\server\..\server\temp\2909522_20250621_161436_9ee692e0.jpg
2025-06-21 16:14:36,142 - INFO - Starting prediction, file - C:\Users\bvrvg\Desktop\Files\Projects\Ship_classfication\server\..\server\temp\2909522_20250621_161436_9ee692e0.jpg
2025-06-21 16:14:37,208 - INFO - Prediction completed. Value: Military, confidence: 30.00514805316925
2025-06-21 16:14:37,208 - INFO - all classes scores: {'Cargo': 20.55512237548828, 'Military': 30.00514793395996, 'Carrier': 14.630910873413086, 'Cruise': 13.733048439025879, 'Tankers': 21.07577133178711}
2025-06-21 16:14:37,212 - INFO - File moved: C:\Users\bvrvg\Desktop\Files\Projects\Ship_classfication\server\..\server\temp\2909522_20250621_161436_9ee692e0.jpg -> C:\Users\bvrvg\Desktop\Files\Projects\Ship_classfication\server\..\archive\2909522_20250621_161436_9ee692e0.jpg
2025-06-21 16:14:37,213 - INFO - Analysis completed successfully: Military (30.01%)
2025-06-21 16:14:37,214 - INFO - 127.0.0.1 - - [21/Jun/2025 16:14:37] "POST /classify HTTP/1.1" 200 -
2025-06-21 16:14:47,891 - INFO - File saved to temp: C:\Users\bvrvg\Desktop\Files\Projects\Ship_classfication\server\..\server\temp\299795_20250621_161447_27b90439.jpg
2025-06-21 16:14:47,891 - INFO - Starting prediction, file - C:\Users\bvrvg\Desktop\Files\Projects\Ship_classfication\server\..\server\temp\299795_20250621_161447_27b90439.jpg
2025-06-21 16:14:48,961 - INFO - Prediction completed. Value: Tankers, confidence: 24.222826957702637
2025-06-21 16:14:48,961 - INFO - all classes scores: {'Cargo': 17.79230499267578, 'Military': 19.29555320739746, 'Carrier': 18.088363647460938, 'Cruise': 20.600948333740234, 'Tankers': 24.222827911376953}
2025-06-21 16:14:48,966 - INFO - File moved: C:\Users\bvrvg\Desktop\Files\Projects\Ship_classfication\server\..\server\temp\299795_20250621_161447_27b90439.jpg -> C:\Users\bvrvg\Desktop\Files\Projects\Ship_classfication\server\..\archive\299795_20250621_161447_27b90439.jpg
2025-06-21 16:14:48,967 - INFO - Analysis completed successfully: Tankers (24.22%)
2025-06-21 16:14:48,969 - INFO - 127.0.0.1 - - [21/Jun/2025 16:14:48] "POST /classify HTTP/1.1" 200 -
2025-06-21 16:15:07,786 - INFO - File saved to temp: C:\Users\bvrvg\Desktop\Files\Projects\Ship_classfication\server\..\server\temp\2898559_20250621_161507_912ee122.jpg
2025-06-21 16:15:07,787 - INFO - Starting prediction, file - C:\Users\bvrvg\Desktop\Files\Projects\Ship_classfication\server\..\server\temp\2898559_20250621_161507_912ee122.jpg
2025-06-21 16:15:08,825 - INFO - Prediction completed. Value: Military, confidence: 27.43798792362213
2025-06-21 16:15:08,826 - INFO - all classes scores: {'Cargo': 21.40213394165039, 'Military': 27.43798828125, 'Carrier': 13.67829704284668, 'Cruise': 15.549123764038086, 'Tankers': 21.93245506286621}
2025-06-21 16:15:08,830 - INFO - File moved: C:\Users\bvrvg\Desktop\Files\Projects\Ship_classfication\server\..\server\temp\2898559_20250621_161507_912ee122.jpg -> C:\Users\bvrvg\Desktop\Files\Projects\Ship_classfication\server\..\archive\2898559_20250621_161507_912ee122.jpg
2025-06-21 16:15:08,831 - INFO - Analysis completed successfully: Military (27.44%)
2025-06-21 16:15:08,832 - INFO - 127.0.0.1 - - [21/Jun/2025 16:15:08] "POST /classify HTTP/1.1" 200 -
2025-06-21 16:16:33,127 - INFO -  * Detected change in 'C:\\Users\\bvrvg\\Desktop\\Files\\Projects\\Ship_classfication\\server\\main.py', reloading
2025-06-21 16:16:33,128 - INFO -  * Detected change in 'C:\\Users\\bvrvg\\Desktop\\Files\\Projects\\Ship_classfication\\server\\main.py', reloading
2025-06-21 16:16:33,639 - INFO - Performing cleanup on shutdown...
2025-06-21 16:16:34,728 - INFO -  * Restarting with watchdog (windowsapi)
2025-06-21 16:16:42,837 - INFO - Directory enshured: C:\Users\bvrvg\Desktop\Files\Projects\Ship_classfication\server\..\server\temp
2025-06-21 16:16:42,838 - INFO - Directory enshured: C:\Users\bvrvg\Desktop\Files\Projects\Ship_classfication\server\..\archive
2025-06-21 16:16:42,841 - INFO - Starting Ship Classification Server...
2025-06-21 16:16:42,842 - INFO - Server configuration:
2025-06-21 16:16:42,842 - INFO -   - Max file size: 16MB
2025-06-21 16:16:42,843 - INFO -   - Allowed extensions: {'jpeg', 'tiff', 'bmp', 'gif', 'jpg', 'webp', 'png'}
2025-06-21 16:16:42,843 - INFO -   - Temp folder: C:\Users\bvrvg\Desktop\Files\Projects\Ship_classfication\server\..\server\temp
2025-06-21 16:16:42,844 - INFO -   - Archive folder: C:\Users\bvrvg\Desktop\Files\Projects\Ship_classfication\server\..\archive
2025-06-21 16:16:42,862 - WARNING -  * Debugger is active!
2025-06-21 16:16:42,876 - INFO -  * Debugger PIN: 981-686-749
2025-06-21 16:17:01,814 - INFO -  * Detected change in 'C:\\Users\\bvrvg\\Desktop\\Files\\Projects\\Ship_classfication\\server\\main.py', reloading
2025-06-21 16:17:01,820 - INFO -  * Detected change in 'C:\\Users\\bvrvg\\Desktop\\Files\\Projects\\Ship_classfication\\server\\main.py', reloading
2025-06-21 16:17:01,821 - INFO -  * Detected change in 'C:\\Users\\bvrvg\\Desktop\\Files\\Projects\\Ship_classfication\\server\\main.py', reloading
2025-06-21 16:17:02,172 - INFO - Performing cleanup on shutdown...
2025-06-21 16:17:03,165 - INFO -  * Restarting with watchdog (windowsapi)
2025-06-21 16:17:13,112 - INFO - Directory enshured: C:\Users\bvrvg\Desktop\Files\Projects\Ship_classfication\server\..\server\temp
2025-06-21 16:17:13,114 - INFO - Directory enshured: C:\Users\bvrvg\Desktop\Files\Projects\Ship_classfication\server\..\archive
2025-06-21 16:17:13,117 - INFO - Starting Ship Classification Server...
2025-06-21 16:17:13,117 - INFO - Server configuration:
2025-06-21 16:17:13,118 - INFO -   - Max file size: 16MB
2025-06-21 16:17:13,119 - INFO -   - Allowed extensions: {'jpeg', 'bmp', 'gif', 'webp', 'tiff', 'jpg', 'png'}
2025-06-21 16:17:13,119 - INFO -   - Temp folder: C:\Users\bvrvg\Desktop\Files\Projects\Ship_classfication\server\..\server\temp
2025-06-21 16:17:13,120 - INFO -   - Archive folder: C:\Users\bvrvg\Desktop\Files\Projects\Ship_classfication\server\..\archive
2025-06-21 16:17:13,143 - WARNING -  * Debugger is active!
2025-06-21 16:17:13,157 - INFO -  * Debugger PIN: 981-686-749
2025-06-21 16:17:13,234 - INFO - 127.0.0.1 - - [21/Jun/2025 16:17:13] "GET / HTTP/1.1" 200 -
2025-06-21 16:17:13,377 - INFO - 127.0.0.1 - - [21/Jun/2025 16:17:13] "[36mGET /static/css/style.css HTTP/1.1[0m" 304 -
2025-06-21 16:17:13,445 - INFO - 127.0.0.1 - - [21/Jun/2025 16:17:13] "[36mGET /static/utils/About_image.jpg HTTP/1.1[0m" 304 -
2025-06-21 16:17:13,449 - INFO - 127.0.0.1 - - [21/Jun/2025 16:17:13] "[36mGET /static/utils/main_image.webp HTTP/1.1[0m" 304 -
2025-06-21 16:17:13,485 - INFO - 127.0.0.1 - - [21/Jun/2025 16:17:13] "[36mGET /static/js/script.js HTTP/1.1[0m" 304 -
2025-06-21 16:17:14,027 - INFO - 127.0.0.1 - - [21/Jun/2025 16:17:14] "[36mGET /static/utils/ship_icon.avif HTTP/1.1[0m" 304 -
2025-06-21 16:17:25,826 - INFO - File saved to temp: C:\Users\bvrvg\Desktop\Files\Projects\Ship_classfication\server\..\server\temp\676917_20250621_161725_28d80511.jpg
2025-06-21 16:17:25,828 - INFO - Starting prediction, file - C:\Users\bvrvg\Desktop\Files\Projects\Ship_classfication\server\..\server\temp\676917_20250621_161725_28d80511.jpg
2025-06-21 16:17:26,372 - WARNING - Compiled the loaded model, but the compiled metrics have yet to be built. `model.compile_metrics` will be empty until you train or evaluate the model.
2025-06-21 16:17:26,936 - WARNING - Compiled the loaded model, but the compiled metrics have yet to be built. `model.compile_metrics` will be empty until you train or evaluate the model.
2025-06-21 16:17:27,583 - WARNING - Compiled the loaded model, but the compiled metrics have yet to be built. `model.compile_metrics` will be empty until you train or evaluate the model.
2025-06-21 16:17:29,887 - INFO - Prediction completed. Value: Cruise, confidence: 31.424951553344727
2025-06-21 16:17:29,888 - INFO - all classes scores: {'Cargo': 13.473052978515625, 'Carrier': 31.051963806152344, 'Cruise': 31.424951553344727, 'Military': 7.511794567108154, 'Tankers': 16.538236618041992}
2025-06-21 16:17:29,891 - INFO - File moved: C:\Users\bvrvg\Desktop\Files\Projects\Ship_classfication\server\..\server\temp\676917_20250621_161725_28d80511.jpg -> C:\Users\bvrvg\Desktop\Files\Projects\Ship_classfication\server\..\archive\676917_20250621_161725_28d80511.jpg
2025-06-21 16:17:29,892 - INFO - Analysis completed successfully: Cruise (31.42%)
2025-06-21 16:17:29,893 - INFO - 127.0.0.1 - - [21/Jun/2025 16:17:29] "POST /classify HTTP/1.1" 200 -
2025-06-21 16:17:51,671 - INFO - File saved to temp: C:\Users\bvrvg\Desktop\Files\Projects\Ship_classfication\server\..\server\temp\299803_20250621_161751_5efa69b2.jpg
2025-06-21 16:17:51,672 - INFO - Starting prediction, file - C:\Users\bvrvg\Desktop\Files\Projects\Ship_classfication\server\..\server\temp\299803_20250621_161751_5efa69b2.jpg
2025-06-21 16:17:52,737 - INFO - Prediction completed. Value: Tankers, confidence: 23.235653340816498
2025-06-21 16:17:52,738 - INFO - all classes scores: {'Cargo': 16.801025390625, 'Carrier': 21.059526443481445, 'Cruise': 19.93954849243164, 'Military': 18.964242935180664, 'Tankers': 23.235652923583984}
2025-06-21 16:17:52,741 - INFO - File moved: C:\Users\bvrvg\Desktop\Files\Projects\Ship_classfication\server\..\server\temp\299803_20250621_161751_5efa69b2.jpg -> C:\Users\bvrvg\Desktop\Files\Projects\Ship_classfication\server\..\archive\299803_20250621_161751_5efa69b2.jpg
2025-06-21 16:17:52,742 - INFO - Analysis completed successfully: Tankers (23.24%)
2025-06-21 16:17:52,743 - INFO - 127.0.0.1 - - [21/Jun/2025 16:17:52] "POST /classify HTTP/1.1" 200 -
2025-06-21 16:18:14,879 - INFO - File saved to temp: C:\Users\bvrvg\Desktop\Files\Projects\Ship_classfication\server\..\server\temp\949998_20250621_161814_03e5d80b.jpg
2025-06-21 16:18:14,880 - INFO - Starting prediction, file - C:\Users\bvrvg\Desktop\Files\Projects\Ship_classfication\server\..\server\temp\949998_20250621_161814_03e5d80b.jpg
2025-06-21 16:18:15,925 - INFO - Prediction completed. Value: Cruise, confidence: 28.681951761245728
2025-06-21 16:18:15,926 - INFO - all classes scores: {'Cargo': 11.69943618774414, 'Carrier': 11.176312446594238, 'Cruise': 28.68195152282715, 'Military': 24.725160598754883, 'Tankers': 23.717147827148438}
2025-06-21 16:18:15,929 - INFO - File moved: C:\Users\bvrvg\Desktop\Files\Projects\Ship_classfication\server\..\server\temp\949998_20250621_161814_03e5d80b.jpg -> C:\Users\bvrvg\Desktop\Files\Projects\Ship_classfication\server\..\archive\949998_20250621_161814_03e5d80b.jpg
2025-06-21 16:18:15,929 - INFO - Analysis completed successfully: Cruise (28.68%)
2025-06-21 16:18:15,930 - INFO - 127.0.0.1 - - [21/Jun/2025 16:18:15] "POST /classify HTTP/1.1" 200 -
2025-06-21 16:19:08,798 - INFO - File saved to temp: C:\Users\bvrvg\Desktop\Files\Projects\Ship_classfication\server\..\server\temp\2856073_20250621_161908_8b4551f2.jpg
2025-06-21 16:19:08,801 - INFO - Starting prediction, file - C:\Users\bvrvg\Desktop\Files\Projects\Ship_classfication\server\..\server\temp\2856073_20250621_161908_8b4551f2.jpg
2025-06-21 16:19:09,839 - INFO - Prediction completed. Value: Carrier, confidence: 28.57394516468048
2025-06-21 16:19:09,839 - INFO - all classes scores: {'Cargo': 17.955177307128906, 'Carrier': 28.573945999145508, 'Cruise': 17.36812400817871, 'Military': 14.952252388000488, 'Tankers': 21.150503158569336}
2025-06-21 16:19:09,842 - INFO - File moved: C:\Users\bvrvg\Desktop\Files\Projects\Ship_classfication\server\..\server\temp\2856073_20250621_161908_8b4551f2.jpg -> C:\Users\bvrvg\Desktop\Files\Projects\Ship_classfication\server\..\archive\2856073_20250621_161908_8b4551f2.jpg
2025-06-21 16:19:09,843 - INFO - Analysis completed successfully: Carrier (28.57%)
2025-06-21 16:19:09,844 - INFO - 127.0.0.1 - - [21/Jun/2025 16:19:09] "POST /classify HTTP/1.1" 200 -
2025-06-21 16:19:37,503 - INFO - File saved to temp: C:\Users\bvrvg\Desktop\Files\Projects\Ship_classfication\server\..\server\temp\2909451_20250621_161937_9302c07d.jpg
2025-06-21 16:19:37,505 - INFO - Starting prediction, file - C:\Users\bvrvg\Desktop\Files\Projects\Ship_classfication\server\..\server\temp\2909451_20250621_161937_9302c07d.jpg
2025-06-21 16:19:38,547 - INFO - Prediction completed. Value: Carrier, confidence: 28.625616431236267
2025-06-21 16:19:38,547 - INFO - all classes scores: {'Cargo': 20.293569564819336, 'Carrier': 28.6256160736084, 'Cruise': 14.037158966064453, 'Military': 15.344220161437988, 'Tankers': 21.699438095092773}
2025-06-21 16:19:38,552 - INFO - File moved: C:\Users\bvrvg\Desktop\Files\Projects\Ship_classfication\server\..\server\temp\2909451_20250621_161937_9302c07d.jpg -> C:\Users\bvrvg\Desktop\Files\Projects\Ship_classfication\server\..\archive\2909451_20250621_161937_9302c07d.jpg
2025-06-21 16:19:38,552 - INFO - Analysis completed successfully: Carrier (28.63%)
2025-06-21 16:19:38,552 - INFO - 127.0.0.1 - - [21/Jun/2025 16:19:38] "POST /classify HTTP/1.1" 200 -
2025-06-21 16:20:18,530 - INFO - File saved to temp: C:\Users\bvrvg\Desktop\Files\Projects\Ship_classfication\server\..\server\temp\2810764_20250621_162018_0675c551.jpg
2025-06-21 16:20:18,532 - INFO - Starting prediction, file - C:\Users\bvrvg\Desktop\Files\Projects\Ship_classfication\server\..\server\temp\2810764_20250621_162018_0675c551.jpg
2025-06-21 16:20:19,602 - INFO - Prediction completed. Value: Cargo, confidence: 25.987187027931213
2025-06-21 16:20:19,603 - INFO - all classes scores: {'Cargo': 25.987186431884766, 'Carrier': 23.01542091369629, 'Cruise': 12.229104042053223, 'Military': 16.177125930786133, 'Tankers': 22.59116554260254}
2025-06-21 16:20:19,606 - INFO - File moved: C:\Users\bvrvg\Desktop\Files\Projects\Ship_classfication\server\..\server\temp\2810764_20250621_162018_0675c551.jpg -> C:\Users\bvrvg\Desktop\Files\Projects\Ship_classfication\server\..\archive\2810764_20250621_162018_0675c551.jpg
2025-06-21 16:20:19,607 - INFO - Analysis completed successfully: Cargo (25.99%)
2025-06-21 16:20:19,608 - INFO - 127.0.0.1 - - [21/Jun/2025 16:20:19] "POST /classify HTTP/1.1" 200 -
2025-06-21 16:20:58,440 - INFO - File saved to temp: C:\Users\bvrvg\Desktop\Files\Projects\Ship_classfication\server\..\server\temp\645701_20250621_162058_f99ad706.jpg
2025-06-21 16:20:58,441 - INFO - Starting prediction, file - C:\Users\bvrvg\Desktop\Files\Projects\Ship_classfication\server\..\server\temp\645701_20250621_162058_f99ad706.jpg
2025-06-21 16:20:59,538 - INFO - Prediction completed. Value: Carrier, confidence: 30.59782385826111
2025-06-21 16:20:59,539 - INFO - all classes scores: {'Cargo': 15.109803199768066, 'Carrier': 30.597824096679688, 'Cruise': 24.71980094909668, 'Military': 10.995587348937988, 'Tankers': 18.576980590820312}
2025-06-21 16:20:59,541 - INFO - File moved: C:\Users\bvrvg\Desktop\Files\Projects\Ship_classfication\server\..\server\temp\645701_20250621_162058_f99ad706.jpg -> C:\Users\bvrvg\Desktop\Files\Projects\Ship_classfication\server\..\archive\645701_20250621_162058_f99ad706.jpg
2025-06-21 16:20:59,542 - INFO - Analysis completed successfully: Carrier (30.60%)
2025-06-21 16:20:59,543 - INFO - 127.0.0.1 - - [21/Jun/2025 16:20:59] "POST /classify HTTP/1.1" 200 -
2025-06-21 16:21:25,775 - INFO - File saved to temp: C:\Users\bvrvg\Desktop\Files\Projects\Ship_classfication\server\..\server\temp\615647_20250621_162125_8571788b.jpg
2025-06-21 16:21:25,776 - INFO - Starting prediction, file - C:\Users\bvrvg\Desktop\Files\Projects\Ship_classfication\server\..\server\temp\615647_20250621_162125_8571788b.jpg
2025-06-21 16:21:26,871 - INFO - Prediction completed. Value: Cruise, confidence: 33.14730525016785
2025-06-21 16:21:26,871 - INFO - all classes scores: {'Cargo': 15.761738777160645, 'Carrier': 30.81093978881836, 'Cruise': 33.14730453491211, 'Military': 3.9833896160125732, 'Tankers': 16.29662322998047}
2025-06-21 16:21:26,875 - INFO - File moved: C:\Users\bvrvg\Desktop\Files\Projects\Ship_classfication\server\..\server\temp\615647_20250621_162125_8571788b.jpg -> C:\Users\bvrvg\Desktop\Files\Projects\Ship_classfication\server\..\archive\615647_20250621_162125_8571788b.jpg
2025-06-21 16:21:26,876 - INFO - Analysis completed successfully: Cruise (33.15%)
2025-06-21 16:21:26,877 - INFO - 127.0.0.1 - - [21/Jun/2025 16:21:26] "POST /classify HTTP/1.1" 200 -
2025-06-21 16:21:56,075 - INFO - File saved to temp: C:\Users\bvrvg\Desktop\Files\Projects\Ship_classfication\server\..\server\temp\633663_20250621_162156_e8985672.jpg
2025-06-21 16:21:56,078 - INFO - Starting prediction, file - C:\Users\bvrvg\Desktop\Files\Projects\Ship_classfication\server\..\server\temp\633663_20250621_162156_e8985672.jpg
2025-06-21 16:21:57,144 - INFO - Prediction completed. Value: Military, confidence: 25.24735927581787
2025-06-21 16:21:57,144 - INFO - all classes scores: {'Cargo': 14.008415222167969, 'Carrier': 12.410534858703613, 'Cruise': 23.417211532592773, 'Military': 25.247360229492188, 'Tankers': 24.916475296020508}
2025-06-21 16:21:57,147 - INFO - File moved: C:\Users\bvrvg\Desktop\Files\Projects\Ship_classfication\server\..\server\temp\633663_20250621_162156_e8985672.jpg -> C:\Users\bvrvg\Desktop\Files\Projects\Ship_classfication\server\..\archive\633663_20250621_162156_e8985672.jpg
2025-06-21 16:21:57,147 - INFO - Analysis completed successfully: Military (25.25%)
2025-06-21 16:21:57,149 - INFO - 127.0.0.1 - - [21/Jun/2025 16:21:57] "POST /classify HTTP/1.1" 200 -
2025-06-21 16:22:41,498 - INFO - File saved to temp: C:\Users\bvrvg\Desktop\Files\Projects\Ship_classfication\server\..\server\temp\2835486_20250621_162241_1ae43c83.jpg
2025-06-21 16:22:41,500 - INFO - Starting prediction, file - C:\Users\bvrvg\Desktop\Files\Projects\Ship_classfication\server\..\server\temp\2835486_20250621_162241_1ae43c83.jpg
2025-06-21 16:22:42,555 - INFO - Prediction completed. Value: Carrier, confidence: 28.625616431236267
2025-06-21 16:22:42,556 - INFO - all classes scores: {'Cargo': 20.293569564819336, 'Carrier': 28.6256160736084, 'Cruise': 14.037158966064453, 'Military': 15.344220161437988, 'Tankers': 21.699438095092773}
2025-06-21 16:22:42,558 - INFO - File moved: C:\Users\bvrvg\Desktop\Files\Projects\Ship_classfication\server\..\server\temp\2835486_20250621_162241_1ae43c83.jpg -> C:\Users\bvrvg\Desktop\Files\Projects\Ship_classfication\server\..\archive\2835486_20250621_162241_1ae43c83.jpg
2025-06-21 16:22:42,559 - INFO - Analysis completed successfully: Carrier (28.63%)
2025-06-21 16:22:42,559 - INFO - 127.0.0.1 - - [21/Jun/2025 16:22:42] "POST /classify HTTP/1.1" 200 -
2025-06-21 16:23:25,482 - INFO - File saved to temp: C:\Users\bvrvg\Desktop\Files\Projects\Ship_classfication\server\..\server\temp\2855955_20250621_162325_898ef302.jpg
2025-06-21 16:23:25,484 - INFO - Starting prediction, file - C:\Users\bvrvg\Desktop\Files\Projects\Ship_classfication\server\..\server\temp\2855955_20250621_162325_898ef302.jpg
2025-06-21 16:23:26,546 - INFO - Prediction completed. Value: Carrier, confidence: 28.625616431236267
2025-06-21 16:23:26,547 - INFO - all classes scores: {'Cargo': 20.293569564819336, 'Carrier': 28.6256160736084, 'Cruise': 14.037158966064453, 'Military': 15.344220161437988, 'Tankers': 21.699438095092773}
2025-06-21 16:23:26,549 - INFO - File moved: C:\Users\bvrvg\Desktop\Files\Projects\Ship_classfication\server\..\server\temp\2855955_20250621_162325_898ef302.jpg -> C:\Users\bvrvg\Desktop\Files\Projects\Ship_classfication\server\..\archive\2855955_20250621_162325_898ef302.jpg
2025-06-21 16:23:26,549 - INFO - Analysis completed successfully: Carrier (28.63%)
2025-06-21 16:23:26,551 - INFO - 127.0.0.1 - - [21/Jun/2025 16:23:26] "POST /classify HTTP/1.1" 200 -
2025-06-21 16:23:46,037 - INFO - File saved to temp: C:\Users\bvrvg\Desktop\Files\Projects\Ship_classfication\server\..\server\temp\2876807_20250621_162346_0b327763.jpg
2025-06-21 16:23:46,038 - INFO - Starting prediction, file - C:\Users\bvrvg\Desktop\Files\Projects\Ship_classfication\server\..\server\temp\2876807_20250621_162346_0b327763.jpg
2025-06-21 16:23:47,103 - INFO - Prediction completed. Value: Carrier, confidence: 36.627355217933655
2025-06-21 16:23:47,103 - INFO - all classes scores: {'Cargo': 21.073524475097656, 'Carrier': 36.62735366821289, 'Cruise': 17.354320526123047, 'Military': 7.496286392211914, 'Tankers': 17.448516845703125}
2025-06-21 16:23:47,105 - INFO - File moved: C:\Users\bvrvg\Desktop\Files\Projects\Ship_classfication\server\..\server\temp\2876807_20250621_162346_0b327763.jpg -> C:\Users\bvrvg\Desktop\Files\Projects\Ship_classfication\server\..\archive\2876807_20250621_162346_0b327763.jpg
2025-06-21 16:23:47,105 - INFO - Analysis completed successfully: Carrier (36.63%)
2025-06-21 16:23:47,107 - INFO - 127.0.0.1 - - [21/Jun/2025 16:23:47] "POST /classify HTTP/1.1" 200 -
2025-06-21 16:24:17,782 - INFO - Performing cleanup on shutdown...
2025-06-21 16:24:18,924 - INFO - Performing cleanup on shutdown...
